#
# A fatal error has been detected by the Java Runtime Environment:
#
#  EXCEPTION_ACCESS_VIOLATION (0xc0000005) at pc=0x00007ffbc67d7e4a, pid=13608, tid=11336
#
# JRE version: OpenJDK Runtime Environment Corretto-11.0.21.9.1 (11.0.21+9) (build 11.0.21+9-LTS)
# Java VM: OpenJDK 64-Bit Server VM Corretto-11.0.21.9.1 (11.0.21+9-LTS, mixed mode, tiered, compressed oops, g1 gc, windows-amd64)
# Problematic frame:
# V  [jvm.dll+0x177e4a]
#
# No core dump will be written. Minidumps are not enabled by default on client versions of Windows
#
# If you would like to submit a bug report, please visit:
#   https://github.com/corretto/corretto-11/issues/
#

---------------  S U M M A R Y ------------

Command Line: -ea -Didea.test.cyclic.buffer.size=1048576 -javaagent:D:\katyu\IntelliJ IDEA Community Edition 2023.2.5\lib\idea_rt.jar=51532:D:\katyu\IntelliJ IDEA Community Edition 2023.2.5\bin -Dfile.encoding=UTF-8 com.intellij.rt.junit.JUnitStarter -ideVersion5 -junit5 ShopRepositoryTest,ShouldRemoveId

Host: Intel(R) Core(TM) i7-7700K CPU @ 4.20GHz, 8 cores, 31G,  Windows 10 , 64 bit Build 19041 (10.0.19041.3636)
Time: Fri Jan  5 02:31:44 2024 RTZ 2 (s 10 , 64 bit Build 19041 (10.0.19041.3636) elapsed time: 0.316462 seconds (0d 0h 0m 0s)

---------------  T H R E A D  ---------------

Current thread (0x000002287e09b000):  JavaThread "C1 CompilerThread0" daemon [_thread_in_native, id=11336, stack(0x0000007463900000,0x0000007463a00000)]


Current CompileTask:
C1:    316  530   !   3       java.net.URL::<init> (543 bytes)

Stack: [0x0000007463900000,0x0000007463a00000],  sp=0x00000074639fe9d0,  free space=1018k
Native frames: (J=compiled Java code, j=interpreted, Vv=VM code, C=native code)
V  [jvm.dll+0x177e4a]
V  [jvm.dll+0x16cc7e]
V  [jvm.dll+0x168c3e]
V  [jvm.dll+0x155300]
V  [jvm.dll+0x13c649]
V  [jvm.dll+0x13bf7f]
V  [jvm.dll+0x13c1b4]
V  [jvm.dll+0x13b502]
V  [jvm.dll+0x13d39c]
V  [jvm.dll+0x230fc9]
V  [jvm.dll+0x22f13f]
V  [jvm.dll+0x79b621]
V  [jvm.dll+0x7942f4]
V  [jvm.dll+0x644d25]
C  [ucrtbase.dll+0x21bb2]
C  [KERNEL32.DLL+0x17344]
C  [ntdll.dll+0x526b1]


siginfo: EXCEPTION_ACCESS_VIOLATION (0xc0000005), reading address 0x0000004000000018


Register to memory mapping:

RIP=0x00007ffbc67d7e4a jvm.dll
RAX=0x000002287e4360c0 points into unknown readable memory: 0x0000000000002000 | 00 20 00 00 00 00 00 00
RBX=0x0000004000000000 is an unknown value
RCX=0x0000000000002000 is an unknown value
RDX=0x0000000000000004 is an unknown value
RSP=0x00000074639fe9d0 is pointing into the stack for thread: 0x000002287e09b000
RBP=0x000000000000c01b is an unknown value
RSI=0x0000000000000004 is an unknown value
RDI=0x0 is NULL
R8 =0x000002287e45e5f0 points into unknown readable memory: 0x0000000000000000 | 00 00 00 00 00 00 00 00
R9 =0x0 is NULL
R10=0x0000000000000002 is an unknown value
R11=0x000002287e4360c0 points into unknown readable memory: 0x0000000000002000 | 00 20 00 00 00 00 00 00
R12=0x0 is NULL
R13=0x00000074639feb90 is pointing into the stack for thread: 0x000002287e09b000
R14=0x000000000000000e is an unknown value
R15=0x000002287e45e530 points into unknown readable memory: 0x000002287e4b55e0 | e0 55 4b 7e 28 02 00 00


Registers:
RAX=0x000002287e4360c0, RBX=0x0000004000000000, RCX=0x0000000000002000, RDX=0x0000000000000004
RSP=0x00000074639fe9d0, RBP=0x000000000000c01b, RSI=0x0000000000000004, RDI=0x0000000000000000
R8 =0x000002287e45e5f0, R9 =0x0000000000000000, R10=0x0000000000000002, R11=0x000002287e4360c0
R12=0x0000000000000000, R13=0x00000074639feb90, R14=0x000000000000000e, R15=0x000002287e45e530
RIP=0x00007ffbc67d7e4a, EFLAGS=0x0000000000010202

Top of Stack: (sp=0x00000074639fe9d0)
0x00000074639fe9d0:   0000000000000217 000000000000c01b
0x00000074639fe9e0:   000002287e45e460 00007ffbc679e8c8
0x00000074639fe9f0:   000002287e4360c0 000000000000000e
0x00000074639fea00:   000002287e435601 0000000000000000
0x00000074639fea10:   00000228608b2f10 000002287e436030
0x00000074639fea20:   ffffffffffffffff 000002287e000500
0x00000074639fea30:   000002287e45e460 00000074639feb90
0x00000074639fea40:   000002287e435ff0 00007ffbc67ccc7e
0x00000074639fea50:   000000000000c01b 000002287e45e460
0x00000074639fea60:   000002287e45e530 000002287e000500
0x00000074639fea70:   000000000143101b 000000000000c000
0x00000074639fea80:   00000228608b2f10 0000000000000000
0x00000074639fea90:   00000074639ff3b0 0000000000000000
0x00000074639feaa0:   00000074639feba0 00000074639fef10
0x00000074639feab0:   000002287e45e460 00007ffbc67c8c3e
0x00000074639feac0:   000002287e45df00 000002287e435ff0 

Instructions: (pc=0x00007ffbc67d7e4a)
0x00007ffbc67d7d4a:   28 49 83 c0 3f 49 c1 e8 06 4d 85 c0 74 10 48 8b
0x00007ffbc67d7d5a:   4c 24 20 33 d2 49 c1 e0 03 e8 4a 58 69 00 44 38
0x00007ffbc67d7d6a:   64 24 30 75 15 49 8b 4d 18 48 8d 15 4e 1f 74 00
0x00007ffbc67d7d7a:   e8 21 3d fc ff e9 e5 00 00 00 45 8b 77 18 41 8b
0x00007ffbc67d7d8a:   f4 45 85 f6 0f 8e d5 00 00 00 0f 1f 40 00 0f 1f
0x00007ffbc67d7d9a:   84 00 00 00 00 00 49 8b 47 30 48 63 ce 48 8b 1c
0x00007ffbc67d7daa:   c8 4c 8d 04 c8 48 85 db 0f 84 a1 00 00 00 0f b6
0x00007ffbc67d7dba:   c1 48 c1 e9 06 24 3f 0f b6 d0 48 8b 44 24 20 48
0x00007ffbc67d7dca:   8b 0c c8 48 0f a3 d1 73 74 48 8b 43 18 83 78 0c
0x00007ffbc67d7dda:   08 74 6a 44 39 63 10 75 67 48 8b 03 48 8b cb ff
0x00007ffbc67d7dea:   50 20 48 85 c0 75 59 48 8b 03 48 8b cb ff 50 18
0x00007ffbc67d7dfa:   48 85 c0 75 4b 49 8b 7d 18 48 8b af 80 02 00 00
0x00007ffbc67d7e0a:   48 89 9f 80 02 00 00 44 39 63 10 74 0e 48 8b 03
0x00007ffbc67d7e1a:   48 8b cb ff 50 10 48 85 c0 74 19 8b 43 30 83 e0
0x00007ffbc67d7e2a:   07 3c 07 75 0f 48 8b 03 49 8b d5 48 8b cb ff 90
0x00007ffbc67d7e3a:   a8 01 00 00 48 89 af 80 02 00 00 eb 03 4d 89 20
0x00007ffbc67d7e4a:   48 8b 43 18 83 78 0c 08 74 05 8b 40 08 eb 05 b8
0x00007ffbc67d7e5a:   01 00 00 00 03 f0 41 3b f6 0f 8c 37 ff ff ff 4d
0x00007ffbc67d7e6a:   8b 7f 08 48 8b b4 24 88 00 00 00 4d 85 ff 0f 85
0x00007ffbc67d7e7a:   e6 fd ff ff 48 8b 9c 24 90 00 00 00 0f b6 bc 24
0x00007ffbc67d7e8a:   98 00 00 00 4c 8b 74 24 48 48 8b ac 24 80 00 00
0x00007ffbc67d7e9a:   00 b9 30 00 00 00 e8 3b fa f9 ff 4c 8b 7c 24 40
0x00007ffbc67d7eaa:   48 8b c8 4c 8b 6c 24 50 48 85 c0 74 29 40 84 ff
0x00007ffbc67d7eba:   75 04 4c 8b 66 50 44 8b 4e 38 4d 8b c4 41 c1 e9
0x00007ffbc67d7eca:   15 48 8b d3 41 80 e1 01 48 83 c4 58 41 5c 5f 5e
0x00007ffbc67d7eda:   5b e9 40 93 fd ff 49 8b c4 48 83 c4 58 41 5c 5f
0x00007ffbc67d7eea:   5e 5b c3 cc cc cc 48 89 5c 24 08 48 89 6c 24 10
0x00007ffbc67d7efa:   48 89 74 24 18 57 48 83 ec 20 48 8b d9 49 8b f9
0x00007ffbc67d7f0a:   b9 80 00 00 00 49 8b f0 48 8b ea e8 c6 f9 f9 ff
0x00007ffbc67d7f1a:   4c 8b d0 48 85 c0 0f 84 85 00 00 00 48 8b 54 24
0x00007ffbc67d7f2a:   50 48 8d 0d 46 0e 73 00 48 89 78 08 c7 40 10 34
0x00007ffbc67d7f3a:   00 00 00 33 c0 41 89 42 24 49 89 42 28 41 89 42 


Stack slot to memory mapping:
stack at sp + 0 slots: 0x0000000000000217 is an unknown value
stack at sp + 1 slots: 0x000000000000c01b is an unknown value
stack at sp + 2 slots: 0x000002287e45e460 points into unknown readable memory: 0x00007ffbc6f186a8 | a8 86 f1 c6 fb 7f 00 00
stack at sp + 3 slots: 0x00007ffbc679e8c8 jvm.dll
stack at sp + 4 slots: 0x000002287e4360c0 points into unknown readable memory: 0x0000000000002000 | 00 20 00 00 00 00 00 00
stack at sp + 5 slots: 0x000000000000000e is an unknown value
stack at sp + 6 slots: 0x000002287e435601 points into unknown readable memory: 00 00 00 00 00 00 00
stack at sp + 7 slots: 0x0 is NULL


---------------  P R O C E S S  ---------------

Threads class SMR info:
_java_thread_list=0x000002287e4d8a60, length=12, elements={
0x00000228580af000, 0x000002287e002000, 0x000002287e02f000, 0x000002287e086800,
0x000002287e088000, 0x000002287e089000, 0x000002287e097000, 0x000002287e09b000,
0x000002287e0d2000, 0x000002287e22f000, 0x000002287e271800, 0x000002287e4a9000
}

Java Threads: ( => current thread )
  0x00000228580af000 JavaThread "main" [_thread_in_Java, id=13120, stack(0x0000007462c00000,0x0000007462d00000)]
  0x000002287e002000 JavaThread "Reference Handler" daemon [_thread_blocked, id=11388, stack(0x0000007463300000,0x0000007463400000)]
  0x000002287e02f000 JavaThread "Finalizer" daemon [_thread_blocked, id=7044, stack(0x0000007463400000,0x0000007463500000)]
  0x000002287e086800 JavaThread "Signal Dispatcher" daemon [_thread_blocked, id=16900, stack(0x0000007463500000,0x0000007463600000)]
  0x000002287e088000 JavaThread "Attach Listener" daemon [_thread_blocked, id=5520, stack(0x0000007463600000,0x0000007463700000)]
  0x000002287e089000 JavaThread "Service Thread" daemon [_thread_blocked, id=17588, stack(0x0000007463700000,0x0000007463800000)]
  0x000002287e097000 JavaThread "C2 CompilerThread0" daemon [_thread_blocked, id=5136, stack(0x0000007463800000,0x0000007463900000)]
=>0x000002287e09b000 JavaThread "C1 CompilerThread0" daemon [_thread_in_native, id=11336, stack(0x0000007463900000,0x0000007463a00000)]
  0x000002287e0d2000 JavaThread "Sweeper thread" daemon [_thread_blocked, id=8204, stack(0x0000007463a00000,0x0000007463b00000)]
  0x000002287e22f000 JavaThread "Common-Cleaner" daemon [_thread_blocked, id=1780, stack(0x0000007463b00000,0x0000007463c00000)]
  0x000002287e271800 JavaThread "C2 CompilerThread1" daemon [_thread_blocked, id=892, stack(0x0000007463c00000,0x0000007463d00000)]
  0x000002287e4a9000 JavaThread "Monitor Ctrl-Break" daemon [_thread_in_native, id=260, stack(0x0000007463d00000,0x0000007463e00000)]

Other Threads:
  0x000002287e001000 VMThread "VM Thread" [stack: 0x0000007463200000,0x0000007463300000] [id=11712]
  0x000002287e5a2800 WatcherThread [stack: 0x0000007463e00000,0x0000007463f00000] [id=14544]
  0x00000228580c9000 GCTaskThread "GC Thread#0" [stack: 0x0000007462d00000,0x0000007462e00000] [id=18956]
  0x000002285814a000 ConcurrentGCThread "G1 Main Marker" [stack: 0x0000007462e00000,0x0000007462f00000] [id=6500]
  0x000002285814d000 ConcurrentGCThread "G1 Conc#0" [stack: 0x0000007462f00000,0x0000007463000000] [id=18796]
  0x000002287d664000 ConcurrentGCThread "G1 Refine#0" [stack: 0x0000007463000000,0x0000007463100000] [id=14800]
  0x000002287d665000 ConcurrentGCThread "G1 Young RemSet Sampling" [stack: 0x0000007463100000,0x0000007463200000] [id=848]

Threads with active compile tasks:
C1 CompilerThread0      367  530   !   3       java.net.URL::<init> (543 bytes)

VM state:not at safepoint (normal execution)

VM Mutex/Monitor currently owned by a thread: None

Heap address: 0x0000000600a00000, size: 8182 MB, Compressed Oops mode: Zero based, Oop shift amount: 3
Narrow klass base: 0x0000000800000000, Narrow klass shift: 0
Compressed class space size: 1073741824 Address: 0x0000000800000000

Heap:
 garbage-first heap   total 524288K, used 8192K [0x0000000600a00000, 0x0000000800000000)
  region size 2048K, 5 young (10240K), 0 survivors (0K)
 Metaspace       used 9699K, capacity 9988K, committed 10112K, reserved 1058816K
  class space    used 935K, capacity 1035K, committed 1152K, reserved 1048576K
Heap Regions: E=young(eden), S=young(survivor), O=old, HS=humongous(starts), HC=humongous(continues), CS=collection set, F=free, A=archive, TAMS=top-at-mark-start (previous, next)
|   0|0x0000000600a00000, 0x0000000600a00000, 0x0000000600c00000|  0%| F|  |TAMS 0x0000000600a00000, 0x0000000600a00000| Untracked 
|   1|0x0000000600c00000, 0x0000000600c00000, 0x0000000600e00000|  0%| F|  |TAMS 0x0000000600c00000, 0x0000000600c00000| Untracked 
|   2|0x0000000600e00000, 0x0000000600e00000, 0x0000000601000000|  0%| F|  |TAMS 0x0000000600e00000, 0x0000000600e00000| Untracked 
|   3|0x0000000601000000, 0x0000000601000000, 0x0000000601200000|  0%| F|  |TAMS 0x0000000601000000, 0x0000000601000000| Untracked 
|   4|0x0000000601200000, 0x0000000601200000, 0x0000000601400000|  0%| F|  |TAMS 0x0000000601200000, 0x0000000601200000| Untracked 
|   5|0x0000000601400000, 0x0000000601400000, 0x0000000601600000|  0%| F|  |TAMS 0x0000000601400000, 0x0000000601400000| Untracked 
|   6|0x0000000601600000, 0x0000000601600000, 0x0000000601800000|  0%| F|  |TAMS 0x0000000601600000, 0x0000000601600000| Untracked 
|   7|0x0000000601800000, 0x0000000601800000, 0x0000000601a00000|  0%| F|  |TAMS 0x0000000601800000, 0x0000000601800000| Untracked 
|   8|0x0000000601a00000, 0x0000000601a00000, 0x0000000601c00000|  0%| F|  |TAMS 0x0000000601a00000, 0x0000000601a00000| Untracked 
|   9|0x0000000601c00000, 0x0000000601c00000, 0x0000000601e00000|  0%| F|  |TAMS 0x0000000601c00000, 0x0000000601c00000| Untracked 
|  10|0x0000000601e00000, 0x0000000601e00000, 0x0000000602000000|  0%| F|  |TAMS 0x0000000601e00000, 0x0000000601e00000| Untracked 
|  11|0x0000000602000000, 0x0000000602000000, 0x0000000602200000|  0%| F|  |TAMS 0x0000000602000000, 0x0000000602000000| Untracked 
|  12|0x0000000602200000, 0x0000000602200000, 0x0000000602400000|  0%| F|  |TAMS 0x0000000602200000, 0x0000000602200000| Untracked 
|  13|0x0000000602400000, 0x0000000602400000, 0x0000000602600000|  0%| F|  |TAMS 0x0000000602400000, 0x0000000602400000| Untracked 
|  14|0x0000000602600000, 0x0000000602600000, 0x0000000602800000|  0%| F|  |TAMS 0x0000000602600000, 0x0000000602600000| Untracked 
|  15|0x0000000602800000, 0x0000000602800000, 0x0000000602a00000|  0%| F|  |TAMS 0x0000000602800000, 0x0000000602800000| Untracked 
|  16|0x0000000602a00000, 0x0000000602a00000, 0x0000000602c00000|  0%| F|  |TAMS 0x0000000602a00000, 0x0000000602a00000| Untracked 
|  17|0x0000000602c00000, 0x0000000602c00000, 0x0000000602e00000|  0%| F|  |TAMS 0x0000000602c00000, 0x0000000602c00000| Untracked 
|  18|0x0000000602e00000, 0x0000000602e00000, 0x0000000603000000|  0%| F|  |TAMS 0x0000000602e00000, 0x0000000602e00000| Untracked 
|  19|0x0000000603000000, 0x0000000603000000, 0x0000000603200000|  0%| F|  |TAMS 0x0000000603000000, 0x0000000603000000| Untracked 
|  20|0x0000000603200000, 0x0000000603200000, 0x0000000603400000|  0%| F|  |TAMS 0x0000000603200000, 0x0000000603200000| Untracked 
|  21|0x0000000603400000, 0x0000000603400000, 0x0000000603600000|  0%| F|  |TAMS 0x0000000603400000, 0x0000000603400000| Untracked 
|  22|0x0000000603600000, 0x0000000603600000, 0x0000000603800000|  0%| F|  |TAMS 0x0000000603600000, 0x0000000603600000| Untracked 
|  23|0x0000000603800000, 0x0000000603800000, 0x0000000603a00000|  0%| F|  |TAMS 0x0000000603800000, 0x0000000603800000| Untracked 
|  24|0x0000000603a00000, 0x0000000603a00000, 0x0000000603c00000|  0%| F|  |TAMS 0x0000000603a00000, 0x0000000603a00000| Untracked 
|  25|0x0000000603c00000, 0x0000000603c00000, 0x0000000603e00000|  0%| F|  |TAMS 0x0000000603c00000, 0x0000000603c00000| Untracked 
|  26|0x0000000603e00000, 0x0000000603e00000, 0x0000000604000000|  0%| F|  |TAMS 0x0000000603e00000, 0x0000000603e00000| Untracked 
|  27|0x0000000604000000, 0x0000000604000000, 0x0000000604200000|  0%| F|  |TAMS 0x0000000604000000, 0x0000000604000000| Untracked 
|  28|0x0000000604200000, 0x0000000604200000, 0x0000000604400000|  0%| F|  |TAMS 0x0000000604200000, 0x0000000604200000| Untracked 
|  29|0x0000000604400000, 0x0000000604400000, 0x0000000604600000|  0%| F|  |TAMS 0x0000000604400000, 0x0000000604400000| Untracked 
|  30|0x0000000604600000, 0x0000000604600000, 0x0000000604800000|  0%| F|  |TAMS 0x0000000604600000, 0x0000000604600000| Untracked 
|  31|0x0000000604800000, 0x0000000604800000, 0x0000000604a00000|  0%| F|  |TAMS 0x0000000604800000, 0x0000000604800000| Untracked 
|  32|0x0000000604a00000, 0x0000000604a00000, 0x0000000604c00000|  0%| F|  |TAMS 0x0000000604a00000, 0x0000000604a00000| Untracked 
|  33|0x0000000604c00000, 0x0000000604c00000, 0x0000000604e00000|  0%| F|  |TAMS 0x0000000604c00000, 0x0000000604c00000| Untracked 
|  34|0x0000000604e00000, 0x0000000604e00000, 0x0000000605000000|  0%| F|  |TAMS 0x0000000604e00000, 0x0000000604e00000| Untracked 
|  35|0x0000000605000000, 0x0000000605000000, 0x0000000605200000|  0%| F|  |TAMS 0x0000000605000000, 0x0000000605000000| Untracked 
|  36|0x0000000605200000, 0x0000000605200000, 0x0000000605400000|  0%| F|  |TAMS 0x0000000605200000, 0x0000000605200000| Untracked 
|  37|0x0000000605400000, 0x0000000605400000, 0x0000000605600000|  0%| F|  |TAMS 0x0000000605400000, 0x0000000605400000| Untracked 
|  38|0x0000000605600000, 0x0000000605600000, 0x0000000605800000|  0%| F|  |TAMS 0x0000000605600000, 0x0000000605600000| Untracked 
|  39|0x0000000605800000, 0x0000000605800000, 0x0000000605a00000|  0%| F|  |TAMS 0x0000000605800000, 0x0000000605800000| Untracked 
|  40|0x0000000605a00000, 0x0000000605a00000, 0x0000000605c00000|  0%| F|  |TAMS 0x0000000605a00000, 0x0000000605a00000| Untracked 
|  41|0x0000000605c00000, 0x0000000605c00000, 0x0000000605e00000|  0%| F|  |TAMS 0x0000000605c00000, 0x0000000605c00000| Untracked 
|  42|0x0000000605e00000, 0x0000000605e00000, 0x0000000606000000|  0%| F|  |TAMS 0x0000000605e00000, 0x0000000605e00000| Untracked 
|  43|0x0000000606000000, 0x0000000606000000, 0x0000000606200000|  0%| F|  |TAMS 0x0000000606000000, 0x0000000606000000| Untracked 
|  44|0x0000000606200000, 0x0000000606200000, 0x0000000606400000|  0%| F|  |TAMS 0x0000000606200000, 0x0000000606200000| Untracked 
|  45|0x0000000606400000, 0x0000000606400000, 0x0000000606600000|  0%| F|  |TAMS 0x0000000606400000, 0x0000000606400000| Untracked 
|  46|0x0000000606600000, 0x0000000606600000, 0x0000000606800000|  0%| F|  |TAMS 0x0000000606600000, 0x0000000606600000| Untracked 
|  47|0x0000000606800000, 0x0000000606800000, 0x0000000606a00000|  0%| F|  |TAMS 0x0000000606800000, 0x0000000606800000| Untracked 
|  48|0x0000000606a00000, 0x0000000606a00000, 0x0000000606c00000|  0%| F|  |TAMS 0x0000000606a00000, 0x0000000606a00000| Untracked 
|  49|0x0000000606c00000, 0x0000000606c00000, 0x0000000606e00000|  0%| F|  |TAMS 0x0000000606c00000, 0x0000000606c00000| Untracked 
|  50|0x0000000606e00000, 0x0000000606e00000, 0x0000000607000000|  0%| F|  |TAMS 0x0000000606e00000, 0x0000000606e00000| Untracked 
|  51|0x0000000607000000, 0x0000000607000000, 0x0000000607200000|  0%| F|  |TAMS 0x0000000607000000, 0x0000000607000000| Untracked 
|  52|0x0000000607200000, 0x0000000607200000, 0x0000000607400000|  0%| F|  |TAMS 0x0000000607200000, 0x0000000607200000| Untracked 
|  53|0x0000000607400000, 0x0000000607400000, 0x0000000607600000|  0%| F|  |TAMS 0x0000000607400000, 0x0000000607400000| Untracked 
|  54|0x0000000607600000, 0x0000000607600000, 0x0000000607800000|  0%| F|  |TAMS 0x0000000607600000, 0x0000000607600000| Untracked 
|  55|0x0000000607800000, 0x0000000607800000, 0x0000000607a00000|  0%| F|  |TAMS 0x0000000607800000, 0x0000000607800000| Untracked 
|  56|0x0000000607a00000, 0x0000000607a00000, 0x0000000607c00000|  0%| F|  |TAMS 0x0000000607a00000, 0x0000000607a00000| Untracked 
|  57|0x0000000607c00000, 0x0000000607c00000, 0x0000000607e00000|  0%| F|  |TAMS 0x0000000607c00000, 0x0000000607c00000| Untracked 
|  58|0x0000000607e00000, 0x0000000607e00000, 0x0000000608000000|  0%| F|  |TAMS 0x0000000607e00000, 0x0000000607e00000| Untracked 
|  59|0x0000000608000000, 0x0000000608000000, 0x0000000608200000|  0%| F|  |TAMS 0x0000000608000000, 0x0000000608000000| Untracked 
|  60|0x0000000608200000, 0x0000000608200000, 0x0000000608400000|  0%| F|  |TAMS 0x0000000608200000, 0x0000000608200000| Untracked 
|  61|0x0000000608400000, 0x0000000608400000, 0x0000000608600000|  0%| F|  |TAMS 0x0000000608400000, 0x0000000608400000| Untracked 
|  62|0x0000000608600000, 0x0000000608600000, 0x0000000608800000|  0%| F|  |TAMS 0x0000000608600000, 0x0000000608600000| Untracked 
|  63|0x0000000608800000, 0x0000000608800000, 0x0000000608a00000|  0%| F|  |TAMS 0x0000000608800000, 0x0000000608800000| Untracked 
|  64|0x0000000608a00000, 0x0000000608a00000, 0x0000000608c00000|  0%| F|  |TAMS 0x0000000608a00000, 0x0000000608a00000| Untracked 
|  65|0x0000000608c00000, 0x0000000608c00000, 0x0000000608e00000|  0%| F|  |TAMS 0x0000000608c00000, 0x0000000608c00000| Untracked 
|  66|0x0000000608e00000, 0x0000000608e00000, 0x0000000609000000|  0%| F|  |TAMS 0x0000000608e00000, 0x0000000608e00000| Untracked 
|  67|0x0000000609000000, 0x0000000609000000, 0x0000000609200000|  0%| F|  |TAMS 0x0000000609000000, 0x0000000609000000| Untracked 
|  68|0x0000000609200000, 0x0000000609200000, 0x0000000609400000|  0%| F|  |TAMS 0x0000000609200000, 0x0000000609200000| Untracked 
|  69|0x0000000609400000, 0x0000000609400000, 0x0000000609600000|  0%| F|  |TAMS 0x0000000609400000, 0x0000000609400000| Untracked 
|  70|0x0000000609600000, 0x0000000609600000, 0x0000000609800000|  0%| F|  |TAMS 0x0000000609600000, 0x0000000609600000| Untracked 
|  71|0x0000000609800000, 0x0000000609800000, 0x0000000609a00000|  0%| F|  |TAMS 0x0000000609800000, 0x0000000609800000| Untracked 
|  72|0x0000000609a00000, 0x0000000609a00000, 0x0000000609c00000|  0%| F|  |TAMS 0x0000000609a00000, 0x0000000609a00000| Untracked 
|  73|0x0000000609c00000, 0x0000000609c00000, 0x0000000609e00000|  0%| F|  |TAMS 0x0000000609c00000, 0x0000000609c00000| Untracked 
|  74|0x0000000609e00000, 0x0000000609e00000, 0x000000060a000000|  0%| F|  |TAMS 0x0000000609e00000, 0x0000000609e00000| Untracked 
|  75|0x000000060a000000, 0x000000060a000000, 0x000000060a200000|  0%| F|  |TAMS 0x000000060a000000, 0x000000060a000000| Untracked 
|  76|0x000000060a200000, 0x000000060a200000, 0x000000060a400000|  0%| F|  |TAMS 0x000000060a200000, 0x000000060a200000| Untracked 
|  77|0x000000060a400000, 0x000000060a400000, 0x000000060a600000|  0%| F|  |TAMS 0x000000060a400000, 0x000000060a400000| Untracked 
|  78|0x000000060a600000, 0x000000060a600000, 0x000000060a800000|  0%| F|  |TAMS 0x000000060a600000, 0x000000060a600000| Untracked 
|  79|0x000000060a800000, 0x000000060a800000, 0x000000060aa00000|  0%| F|  |TAMS 0x000000060a800000, 0x000000060a800000| Untracked 
|  80|0x000000060aa00000, 0x000000060aa00000, 0x000000060ac00000|  0%| F|  |TAMS 0x000000060aa00000, 0x000000060aa00000| Untracked 
|  81|0x000000060ac00000, 0x000000060ac00000, 0x000000060ae00000|  0%| F|  |TAMS 0x000000060ac00000, 0x000000060ac00000| Untracked 
|  82|0x000000060ae00000, 0x000000060ae00000, 0x000000060b000000|  0%| F|  |TAMS 0x000000060ae00000, 0x000000060ae00000| Untracked 
|  83|0x000000060b000000, 0x000000060b000000, 0x000000060b200000|  0%| F|  |TAMS 0x000000060b000000, 0x000000060b000000| Untracked 
|  84|0x000000060b200000, 0x000000060b200000, 0x000000060b400000|  0%| F|  |TAMS 0x000000060b200000, 0x000000060b200000| Untracked 
|  85|0x000000060b400000, 0x000000060b400000, 0x000000060b600000|  0%| F|  |TAMS 0x000000060b400000, 0x000000060b400000| Untracked 
|  86|0x000000060b600000, 0x000000060b600000, 0x000000060b800000|  0%| F|  |TAMS 0x000000060b600000, 0x000000060b600000| Untracked 
|  87|0x000000060b800000, 0x000000060b800000, 0x000000060ba00000|  0%| F|  |TAMS 0x000000060b800000, 0x000000060b800000| Untracked 
|  88|0x000000060ba00000, 0x000000060ba00000, 0x000000060bc00000|  0%| F|  |TAMS 0x000000060ba00000, 0x000000060ba00000| Untracked 
|  89|0x000000060bc00000, 0x000000060bc00000, 0x000000060be00000|  0%| F|  |TAMS 0x000000060bc00000, 0x000000060bc00000| Untracked 
|  90|0x000000060be00000, 0x000000060be00000, 0x000000060c000000|  0%| F|  |TAMS 0x000000060be00000, 0x000000060be00000| Untracked 
|  91|0x000000060c000000, 0x000000060c000000, 0x000000060c200000|  0%| F|  |TAMS 0x000000060c000000, 0x000000060c000000| Untracked 
|  92|0x000000060c200000, 0x000000060c200000, 0x000000060c400000|  0%| F|  |TAMS 0x000000060c200000, 0x000000060c200000| Untracked 
|  93|0x000000060c400000, 0x000000060c400000, 0x000000060c600000|  0%| F|  |TAMS 0x000000060c400000, 0x000000060c400000| Untracked 
|  94|0x000000060c600000, 0x000000060c600000, 0x000000060c800000|  0%| F|  |TAMS 0x000000060c600000, 0x000000060c600000| Untracked 
|  95|0x000000060c800000, 0x000000060c800000, 0x000000060ca00000|  0%| F|  |TAMS 0x000000060c800000, 0x000000060c800000| Untracked 
|  96|0x000000060ca00000, 0x000000060ca00000, 0x000000060cc00000|  0%| F|  |TAMS 0x000000060ca00000, 0x000000060ca00000| Untracked 
|  97|0x000000060cc00000, 0x000000060cc00000, 0x000000060ce00000|  0%| F|  |TAMS 0x000000060cc00000, 0x000000060cc00000| Untracked 
|  98|0x000000060ce00000, 0x000000060ce00000, 0x000000060d000000|  0%| F|  |TAMS 0x000000060ce00000, 0x000000060ce00000| Untracked 
|  99|0x000000060d000000, 0x000000060d000000, 0x000000060d200000|  0%| F|  |TAMS 0x000000060d000000, 0x000000060d000000| Untracked 
| 100|0x000000060d200000, 0x000000060d200000, 0x000000060d400000|  0%| F|  |TAMS 0x000000060d200000, 0x000000060d200000| Untracked 
| 101|0x000000060d400000, 0x000000060d400000, 0x000000060d600000|  0%| F|  |TAMS 0x000000060d400000, 0x000000060d400000| Untracked 
| 102|0x000000060d600000, 0x000000060d600000, 0x000000060d800000|  0%| F|  |TAMS 0x000000060d600000, 0x000000060d600000| Untracked 
| 103|0x000000060d800000, 0x000000060d800000, 0x000000060da00000|  0%| F|  |TAMS 0x000000060d800000, 0x000000060d800000| Untracked 
| 104|0x000000060da00000, 0x000000060da00000, 0x000000060dc00000|  0%| F|  |TAMS 0x000000060da00000, 0x000000060da00000| Untracked 
| 105|0x000000060dc00000, 0x000000060dc00000, 0x000000060de00000|  0%| F|  |TAMS 0x000000060dc00000, 0x000000060dc00000| Untracked 
| 106|0x000000060de00000, 0x000000060de00000, 0x000000060e000000|  0%| F|  |TAMS 0x000000060de00000, 0x000000060de00000| Untracked 
| 107|0x000000060e000000, 0x000000060e000000, 0x000000060e200000|  0%| F|  |TAMS 0x000000060e000000, 0x000000060e000000| Untracked 
| 108|0x000000060e200000, 0x000000060e200000, 0x000000060e400000|  0%| F|  |TAMS 0x000000060e200000, 0x000000060e200000| Untracked 
| 109|0x000000060e400000, 0x000000060e400000, 0x000000060e600000|  0%| F|  |TAMS 0x000000060e400000, 0x000000060e400000| Untracked 
| 110|0x000000060e600000, 0x000000060e600000, 0x000000060e800000|  0%| F|  |TAMS 0x000000060e600000, 0x000000060e600000| Untracked 
| 111|0x000000060e800000, 0x000000060e800000, 0x000000060ea00000|  0%| F|  |TAMS 0x000000060e800000, 0x000000060e800000| Untracked 
| 112|0x000000060ea00000, 0x000000060ea00000, 0x000000060ec00000|  0%| F|  |TAMS 0x000000060ea00000, 0x000000060ea00000| Untracked 
| 113|0x000000060ec00000, 0x000000060ec00000, 0x000000060ee00000|  0%| F|  |TAMS 0x000000060ec00000, 0x000000060ec00000| Untracked 
| 114|0x000000060ee00000, 0x000000060ee00000, 0x000000060f000000|  0%| F|  |TAMS 0x000000060ee00000, 0x000000060ee00000| Untracked 
| 115|0x000000060f000000, 0x000000060f000000, 0x000000060f200000|  0%| F|  |TAMS 0x000000060f000000, 0x000000060f000000| Untracked 
| 116|0x000000060f200000, 0x000000060f200000, 0x000000060f400000|  0%| F|  |TAMS 0x000000060f200000, 0x000000060f200000| Untracked 
| 117|0x000000060f400000, 0x000000060f400000, 0x000000060f600000|  0%| F|  |TAMS 0x000000060f400000, 0x000000060f400000| Untracked 
| 118|0x000000060f600000, 0x000000060f600000, 0x000000060f800000|  0%| F|  |TAMS 0x000000060f600000, 0x000000060f600000| Untracked 
| 119|0x000000060f800000, 0x000000060f800000, 0x000000060fa00000|  0%| F|  |TAMS 0x000000060f800000, 0x000000060f800000| Untracked 
| 120|0x000000060fa00000, 0x000000060fa00000, 0x000000060fc00000|  0%| F|  |TAMS 0x000000060fa00000, 0x000000060fa00000| Untracked 
| 121|0x000000060fc00000, 0x000000060fc00000, 0x000000060fe00000|  0%| F|  |TAMS 0x000000060fc00000, 0x000000060fc00000| Untracked 
| 122|0x000000060fe00000, 0x000000060fe00000, 0x0000000610000000|  0%| F|  |TAMS 0x000000060fe00000, 0x000000060fe00000| Untracked 
| 123|0x0000000610000000, 0x0000000610000000, 0x0000000610200000|  0%| F|  |TAMS 0x0000000610000000, 0x0000000610000000| Untracked 
| 124|0x0000000610200000, 0x0000000610200000, 0x0000000610400000|  0%| F|  |TAMS 0x0000000610200000, 0x0000000610200000| Untracked 
| 125|0x0000000610400000, 0x0000000610400000, 0x0000000610600000|  0%| F|  |TAMS 0x0000000610400000, 0x0000000610400000| Untracked 
| 126|0x0000000610600000, 0x0000000610600000, 0x0000000610800000|  0%| F|  |TAMS 0x0000000610600000, 0x0000000610600000| Untracked 
| 127|0x0000000610800000, 0x0000000610800000, 0x0000000610a00000|  0%| F|  |TAMS 0x0000000610800000, 0x0000000610800000| Untracked 
| 128|0x0000000610a00000, 0x0000000610a00000, 0x0000000610c00000|  0%| F|  |TAMS 0x0000000610a00000, 0x0000000610a00000| Untracked 
| 129|0x0000000610c00000, 0x0000000610c00000, 0x0000000610e00000|  0%| F|  |TAMS 0x0000000610c00000, 0x0000000610c00000| Untracked 
| 130|0x0000000610e00000, 0x0000000610e00000, 0x0000000611000000|  0%| F|  |TAMS 0x0000000610e00000, 0x0000000610e00000| Untracked 
| 131|0x0000000611000000, 0x0000000611000000, 0x0000000611200000|  0%| F|  |TAMS 0x0000000611000000, 0x0000000611000000| Untracked 
| 132|0x0000000611200000, 0x0000000611200000, 0x0000000611400000|  0%| F|  |TAMS 0x0000000611200000, 0x0000000611200000| Untracked 
| 133|0x0000000611400000, 0x0000000611400000, 0x0000000611600000|  0%| F|  |TAMS 0x0000000611400000, 0x0000000611400000| Untracked 
| 134|0x0000000611600000, 0x0000000611600000, 0x0000000611800000|  0%| F|  |TAMS 0x0000000611600000, 0x0000000611600000| Untracked 
| 135|0x0000000611800000, 0x0000000611800000, 0x0000000611a00000|  0%| F|  |TAMS 0x0000000611800000, 0x0000000611800000| Untracked 
| 136|0x0000000611a00000, 0x0000000611a00000, 0x0000000611c00000|  0%| F|  |TAMS 0x0000000611a00000, 0x0000000611a00000| Untracked 
| 137|0x0000000611c00000, 0x0000000611c00000, 0x0000000611e00000|  0%| F|  |TAMS 0x0000000611c00000, 0x0000000611c00000| Untracked 
| 138|0x0000000611e00000, 0x0000000611e00000, 0x0000000612000000|  0%| F|  |TAMS 0x0000000611e00000, 0x0000000611e00000| Untracked 
| 139|0x0000000612000000, 0x0000000612000000, 0x0000000612200000|  0%| F|  |TAMS 0x0000000612000000, 0x0000000612000000| Untracked 
| 140|0x0000000612200000, 0x0000000612200000, 0x0000000612400000|  0%| F|  |TAMS 0x0000000612200000, 0x0000000612200000| Untracked 
| 141|0x0000000612400000, 0x0000000612400000, 0x0000000612600000|  0%| F|  |TAMS 0x0000000612400000, 0x0000000612400000| Untracked 
| 142|0x0000000612600000, 0x0000000612600000, 0x0000000612800000|  0%| F|  |TAMS 0x0000000612600000, 0x0000000612600000| Untracked 
| 143|0x0000000612800000, 0x0000000612800000, 0x0000000612a00000|  0%| F|  |TAMS 0x0000000612800000, 0x0000000612800000| Untracked 
| 144|0x0000000612a00000, 0x0000000612a00000, 0x0000000612c00000|  0%| F|  |TAMS 0x0000000612a00000, 0x0000000612a00000| Untracked 
| 145|0x0000000612c00000, 0x0000000612c00000, 0x0000000612e00000|  0%| F|  |TAMS 0x0000000612c00000, 0x0000000612c00000| Untracked 
| 146|0x0000000612e00000, 0x0000000612e00000, 0x0000000613000000|  0%| F|  |TAMS 0x0000000612e00000, 0x0000000612e00000| Untracked 
| 147|0x0000000613000000, 0x0000000613000000, 0x0000000613200000|  0%| F|  |TAMS 0x0000000613000000, 0x0000000613000000| Untracked 
| 148|0x0000000613200000, 0x0000000613200000, 0x0000000613400000|  0%| F|  |TAMS 0x0000000613200000, 0x0000000613200000| Untracked 
| 149|0x0000000613400000, 0x0000000613400000, 0x0000000613600000|  0%| F|  |TAMS 0x0000000613400000, 0x0000000613400000| Untracked 
| 150|0x0000000613600000, 0x0000000613600000, 0x0000000613800000|  0%| F|  |TAMS 0x0000000613600000, 0x0000000613600000| Untracked 
| 151|0x0000000613800000, 0x0000000613800000, 0x0000000613a00000|  0%| F|  |TAMS 0x0000000613800000, 0x0000000613800000| Untracked 
| 152|0x0000000613a00000, 0x0000000613a00000, 0x0000000613c00000|  0%| F|  |TAMS 0x0000000613a00000, 0x0000000613a00000| Untracked 
| 153|0x0000000613c00000, 0x0000000613c00000, 0x0000000613e00000|  0%| F|  |TAMS 0x0000000613c00000, 0x0000000613c00000| Untracked 
| 154|0x0000000613e00000, 0x0000000613e00000, 0x0000000614000000|  0%| F|  |TAMS 0x0000000613e00000, 0x0000000613e00000| Untracked 
| 155|0x0000000614000000, 0x0000000614000000, 0x0000000614200000|  0%| F|  |TAMS 0x0000000614000000, 0x0000000614000000| Untracked 
| 156|0x0000000614200000, 0x0000000614200000, 0x0000000614400000|  0%| F|  |TAMS 0x0000000614200000, 0x0000000614200000| Untracked 
| 157|0x0000000614400000, 0x0000000614400000, 0x0000000614600000|  0%| F|  |TAMS 0x0000000614400000, 0x0000000614400000| Untracked 
| 158|0x0000000614600000, 0x0000000614600000, 0x0000000614800000|  0%| F|  |TAMS 0x0000000614600000, 0x0000000614600000| Untracked 
| 159|0x0000000614800000, 0x0000000614800000, 0x0000000614a00000|  0%| F|  |TAMS 0x0000000614800000, 0x0000000614800000| Untracked 
| 160|0x0000000614a00000, 0x0000000614a00000, 0x0000000614c00000|  0%| F|  |TAMS 0x0000000614a00000, 0x0000000614a00000| Untracked 
| 161|0x0000000614c00000, 0x0000000614c00000, 0x0000000614e00000|  0%| F|  |TAMS 0x0000000614c00000, 0x0000000614c00000| Untracked 
| 162|0x0000000614e00000, 0x0000000614e00000, 0x0000000615000000|  0%| F|  |TAMS 0x0000000614e00000, 0x0000000614e00000| Untracked 
| 163|0x0000000615000000, 0x0000000615000000, 0x0000000615200000|  0%| F|  |TAMS 0x0000000615000000, 0x0000000615000000| Untracked 
| 164|0x0000000615200000, 0x0000000615200000, 0x0000000615400000|  0%| F|  |TAMS 0x0000000615200000, 0x0000000615200000| Untracked 
| 165|0x0000000615400000, 0x0000000615400000, 0x0000000615600000|  0%| F|  |TAMS 0x0000000615400000, 0x0000000615400000| Untracked 
| 166|0x0000000615600000, 0x0000000615600000, 0x0000000615800000|  0%| F|  |TAMS 0x0000000615600000, 0x0000000615600000| Untracked 
| 167|0x0000000615800000, 0x0000000615800000, 0x0000000615a00000|  0%| F|  |TAMS 0x0000000615800000, 0x0000000615800000| Untracked 
| 168|0x0000000615a00000, 0x0000000615a00000, 0x0000000615c00000|  0%| F|  |TAMS 0x0000000615a00000, 0x0000000615a00000| Untracked 
| 169|0x0000000615c00000, 0x0000000615c00000, 0x0000000615e00000|  0%| F|  |TAMS 0x0000000615c00000, 0x0000000615c00000| Untracked 
| 170|0x0000000615e00000, 0x0000000615e00000, 0x0000000616000000|  0%| F|  |TAMS 0x0000000615e00000, 0x0000000615e00000| Untracked 
| 171|0x0000000616000000, 0x0000000616000000, 0x0000000616200000|  0%| F|  |TAMS 0x0000000616000000, 0x0000000616000000| Untracked 
| 172|0x0000000616200000, 0x0000000616200000, 0x0000000616400000|  0%| F|  |TAMS 0x0000000616200000, 0x0000000616200000| Untracked 
| 173|0x0000000616400000, 0x0000000616400000, 0x0000000616600000|  0%| F|  |TAMS 0x0000000616400000, 0x0000000616400000| Untracked 
| 174|0x0000000616600000, 0x0000000616600000, 0x0000000616800000|  0%| F|  |TAMS 0x0000000616600000, 0x0000000616600000| Untracked 
| 175|0x0000000616800000, 0x0000000616800000, 0x0000000616a00000|  0%| F|  |TAMS 0x0000000616800000, 0x0000000616800000| Untracked 
| 176|0x0000000616a00000, 0x0000000616a00000, 0x0000000616c00000|  0%| F|  |TAMS 0x0000000616a00000, 0x0000000616a00000| Untracked 
| 177|0x0000000616c00000, 0x0000000616c00000, 0x0000000616e00000|  0%| F|  |TAMS 0x0000000616c00000, 0x0000000616c00000| Untracked 
| 178|0x0000000616e00000, 0x0000000616e00000, 0x0000000617000000|  0%| F|  |TAMS 0x0000000616e00000, 0x0000000616e00000| Untracked 
| 179|0x0000000617000000, 0x0000000617000000, 0x0000000617200000|  0%| F|  |TAMS 0x0000000617000000, 0x0000000617000000| Untracked 
| 180|0x0000000617200000, 0x0000000617200000, 0x0000000617400000|  0%| F|  |TAMS 0x0000000617200000, 0x0000000617200000| Untracked 
| 181|0x0000000617400000, 0x0000000617400000, 0x0000000617600000|  0%| F|  |TAMS 0x0000000617400000, 0x0000000617400000| Untracked 
| 182|0x0000000617600000, 0x0000000617600000, 0x0000000617800000|  0%| F|  |TAMS 0x0000000617600000, 0x0000000617600000| Untracked 
| 183|0x0000000617800000, 0x0000000617800000, 0x0000000617a00000|  0%| F|  |TAMS 0x0000000617800000, 0x0000000617800000| Untracked 
| 184|0x0000000617a00000, 0x0000000617a00000, 0x0000000617c00000|  0%| F|  |TAMS 0x0000000617a00000, 0x0000000617a00000| Untracked 
| 185|0x0000000617c00000, 0x0000000617c00000, 0x0000000617e00000|  0%| F|  |TAMS 0x0000000617c00000, 0x0000000617c00000| Untracked 
| 186|0x0000000617e00000, 0x0000000617e00000, 0x0000000618000000|  0%| F|  |TAMS 0x0000000617e00000, 0x0000000617e00000| Untracked 
| 187|0x0000000618000000, 0x0000000618000000, 0x0000000618200000|  0%| F|  |TAMS 0x0000000618000000, 0x0000000618000000| Untracked 
| 188|0x0000000618200000, 0x0000000618200000, 0x0000000618400000|  0%| F|  |TAMS 0x0000000618200000, 0x0000000618200000| Untracked 
| 189|0x0000000618400000, 0x0000000618400000, 0x0000000618600000|  0%| F|  |TAMS 0x0000000618400000, 0x0000000618400000| Untracked 
| 190|0x0000000618600000, 0x0000000618600000, 0x0000000618800000|  0%| F|  |TAMS 0x0000000618600000, 0x0000000618600000| Untracked 
| 191|0x0000000618800000, 0x0000000618800000, 0x0000000618a00000|  0%| F|  |TAMS 0x0000000618800000, 0x0000000618800000| Untracked 
| 192|0x0000000618a00000, 0x0000000618a00000, 0x0000000618c00000|  0%| F|  |TAMS 0x0000000618a00000, 0x0000000618a00000| Untracked 
| 193|0x0000000618c00000, 0x0000000618c00000, 0x0000000618e00000|  0%| F|  |TAMS 0x0000000618c00000, 0x0000000618c00000| Untracked 
| 194|0x0000000618e00000, 0x0000000618e00000, 0x0000000619000000|  0%| F|  |TAMS 0x0000000618e00000, 0x0000000618e00000| Untracked 
| 195|0x0000000619000000, 0x0000000619000000, 0x0000000619200000|  0%| F|  |TAMS 0x0000000619000000, 0x0000000619000000| Untracked 
| 196|0x0000000619200000, 0x0000000619200000, 0x0000000619400000|  0%| F|  |TAMS 0x0000000619200000, 0x0000000619200000| Untracked 
| 197|0x0000000619400000, 0x0000000619400000, 0x0000000619600000|  0%| F|  |TAMS 0x0000000619400000, 0x0000000619400000| Untracked 
| 198|0x0000000619600000, 0x0000000619600000, 0x0000000619800000|  0%| F|  |TAMS 0x0000000619600000, 0x0000000619600000| Untracked 
| 199|0x0000000619800000, 0x0000000619800000, 0x0000000619a00000|  0%| F|  |TAMS 0x0000000619800000, 0x0000000619800000| Untracked 
| 200|0x0000000619a00000, 0x0000000619a00000, 0x0000000619c00000|  0%| F|  |TAMS 0x0000000619a00000, 0x0000000619a00000| Untracked 
| 201|0x0000000619c00000, 0x0000000619c00000, 0x0000000619e00000|  0%| F|  |TAMS 0x0000000619c00000, 0x0000000619c00000| Untracked 
| 202|0x0000000619e00000, 0x0000000619e00000, 0x000000061a000000|  0%| F|  |TAMS 0x0000000619e00000, 0x0000000619e00000| Untracked 
| 203|0x000000061a000000, 0x000000061a000000, 0x000000061a200000|  0%| F|  |TAMS 0x000000061a000000, 0x000000061a000000| Untracked 
| 204|0x000000061a200000, 0x000000061a200000, 0x000000061a400000|  0%| F|  |TAMS 0x000000061a200000, 0x000000061a200000| Untracked 
| 205|0x000000061a400000, 0x000000061a400000, 0x000000061a600000|  0%| F|  |TAMS 0x000000061a400000, 0x000000061a400000| Untracked 
| 206|0x000000061a600000, 0x000000061a600000, 0x000000061a800000|  0%| F|  |TAMS 0x000000061a600000, 0x000000061a600000| Untracked 
| 207|0x000000061a800000, 0x000000061a800000, 0x000000061aa00000|  0%| F|  |TAMS 0x000000061a800000, 0x000000061a800000| Untracked 
| 208|0x000000061aa00000, 0x000000061aa00000, 0x000000061ac00000|  0%| F|  |TAMS 0x000000061aa00000, 0x000000061aa00000| Untracked 
| 209|0x000000061ac00000, 0x000000061ac00000, 0x000000061ae00000|  0%| F|  |TAMS 0x000000061ac00000, 0x000000061ac00000| Untracked 
| 210|0x000000061ae00000, 0x000000061ae00000, 0x000000061b000000|  0%| F|  |TAMS 0x000000061ae00000, 0x000000061ae00000| Untracked 
| 211|0x000000061b000000, 0x000000061b000000, 0x000000061b200000|  0%| F|  |TAMS 0x000000061b000000, 0x000000061b000000| Untracked 
| 212|0x000000061b200000, 0x000000061b200000, 0x000000061b400000|  0%| F|  |TAMS 0x000000061b200000, 0x000000061b200000| Untracked 
| 213|0x000000061b400000, 0x000000061b400000, 0x000000061b600000|  0%| F|  |TAMS 0x000000061b400000, 0x000000061b400000| Untracked 
| 214|0x000000061b600000, 0x000000061b600000, 0x000000061b800000|  0%| F|  |TAMS 0x000000061b600000, 0x000000061b600000| Untracked 
| 215|0x000000061b800000, 0x000000061b800000, 0x000000061ba00000|  0%| F|  |TAMS 0x000000061b800000, 0x000000061b800000| Untracked 
| 216|0x000000061ba00000, 0x000000061ba00000, 0x000000061bc00000|  0%| F|  |TAMS 0x000000061ba00000, 0x000000061ba00000| Untracked 
| 217|0x000000061bc00000, 0x000000061bc00000, 0x000000061be00000|  0%| F|  |TAMS 0x000000061bc00000, 0x000000061bc00000| Untracked 
| 218|0x000000061be00000, 0x000000061be00000, 0x000000061c000000|  0%| F|  |TAMS 0x000000061be00000, 0x000000061be00000| Untracked 
| 219|0x000000061c000000, 0x000000061c000000, 0x000000061c200000|  0%| F|  |TAMS 0x000000061c000000, 0x000000061c000000| Untracked 
| 220|0x000000061c200000, 0x000000061c200000, 0x000000061c400000|  0%| F|  |TAMS 0x000000061c200000, 0x000000061c200000| Untracked 
| 221|0x000000061c400000, 0x000000061c400000, 0x000000061c600000|  0%| F|  |TAMS 0x000000061c400000, 0x000000061c400000| Untracked 
| 222|0x000000061c600000, 0x000000061c600000, 0x000000061c800000|  0%| F|  |TAMS 0x000000061c600000, 0x000000061c600000| Untracked 
| 223|0x000000061c800000, 0x000000061c800000, 0x000000061ca00000|  0%| F|  |TAMS 0x000000061c800000, 0x000000061c800000| Untracked 
| 224|0x000000061ca00000, 0x000000061ca00000, 0x000000061cc00000|  0%| F|  |TAMS 0x000000061ca00000, 0x000000061ca00000| Untracked 
| 225|0x000000061cc00000, 0x000000061cc00000, 0x000000061ce00000|  0%| F|  |TAMS 0x000000061cc00000, 0x000000061cc00000| Untracked 
| 226|0x000000061ce00000, 0x000000061ce00000, 0x000000061d000000|  0%| F|  |TAMS 0x000000061ce00000, 0x000000061ce00000| Untracked 
| 227|0x000000061d000000, 0x000000061d000000, 0x000000061d200000|  0%| F|  |TAMS 0x000000061d000000, 0x000000061d000000| Untracked 
| 228|0x000000061d200000, 0x000000061d200000, 0x000000061d400000|  0%| F|  |TAMS 0x000000061d200000, 0x000000061d200000| Untracked 
| 229|0x000000061d400000, 0x000000061d400000, 0x000000061d600000|  0%| F|  |TAMS 0x000000061d400000, 0x000000061d400000| Untracked 
| 230|0x000000061d600000, 0x000000061d600000, 0x000000061d800000|  0%| F|  |TAMS 0x000000061d600000, 0x000000061d600000| Untracked 
| 231|0x000000061d800000, 0x000000061d800000, 0x000000061da00000|  0%| F|  |TAMS 0x000000061d800000, 0x000000061d800000| Untracked 
| 232|0x000000061da00000, 0x000000061da00000, 0x000000061dc00000|  0%| F|  |TAMS 0x000000061da00000, 0x000000061da00000| Untracked 
| 233|0x000000061dc00000, 0x000000061dc00000, 0x000000061de00000|  0%| F|  |TAMS 0x000000061dc00000, 0x000000061dc00000| Untracked 
| 234|0x000000061de00000, 0x000000061de00000, 0x000000061e000000|  0%| F|  |TAMS 0x000000061de00000, 0x000000061de00000| Untracked 
| 235|0x000000061e000000, 0x000000061e000000, 0x000000061e200000|  0%| F|  |TAMS 0x000000061e000000, 0x000000061e000000| Untracked 
| 236|0x000000061e200000, 0x000000061e200000, 0x000000061e400000|  0%| F|  |TAMS 0x000000061e200000, 0x000000061e200000| Untracked 
| 237|0x000000061e400000, 0x000000061e400000, 0x000000061e600000|  0%| F|  |TAMS 0x000000061e400000, 0x000000061e400000| Untracked 
| 238|0x000000061e600000, 0x000000061e600000, 0x000000061e800000|  0%| F|  |TAMS 0x000000061e600000, 0x000000061e600000| Untracked 
| 239|0x000000061e800000, 0x000000061e800000, 0x000000061ea00000|  0%| F|  |TAMS 0x000000061e800000, 0x000000061e800000| Untracked 
| 240|0x000000061ea00000, 0x000000061ea00000, 0x000000061ec00000|  0%| F|  |TAMS 0x000000061ea00000, 0x000000061ea00000| Untracked 
| 241|0x000000061ec00000, 0x000000061ec00000, 0x000000061ee00000|  0%| F|  |TAMS 0x000000061ec00000, 0x000000061ec00000| Untracked 
| 242|0x000000061ee00000, 0x000000061ee00000, 0x000000061f000000|  0%| F|  |TAMS 0x000000061ee00000, 0x000000061ee00000| Untracked 
| 243|0x000000061f000000, 0x000000061f000000, 0x000000061f200000|  0%| F|  |TAMS 0x000000061f000000, 0x000000061f000000| Untracked 
| 244|0x000000061f200000, 0x000000061f200000, 0x000000061f400000|  0%| F|  |TAMS 0x000000061f200000, 0x000000061f200000| Untracked 
| 245|0x000000061f400000, 0x000000061f400000, 0x000000061f600000|  0%| F|  |TAMS 0x000000061f400000, 0x000000061f400000| Untracked 
| 246|0x000000061f600000, 0x000000061f600000, 0x000000061f800000|  0%| F|  |TAMS 0x000000061f600000, 0x000000061f600000| Untracked 
| 247|0x000000061f800000, 0x000000061f800000, 0x000000061fa00000|  0%| F|  |TAMS 0x000000061f800000, 0x000000061f800000| Untracked 
| 248|0x000000061fa00000, 0x000000061fa00000, 0x000000061fc00000|  0%| F|  |TAMS 0x000000061fa00000, 0x000000061fa00000| Untracked 
| 249|0x000000061fc00000, 0x000000061fc00000, 0x000000061fe00000|  0%| F|  |TAMS 0x000000061fc00000, 0x000000061fc00000| Untracked 
| 250|0x000000061fe00000, 0x000000061fe00000, 0x0000000620000000|  0%| F|  |TAMS 0x000000061fe00000, 0x000000061fe00000| Untracked 
| 251|0x0000000620000000, 0x000000062007d198, 0x0000000620200000| 24%| E|  |TAMS 0x0000000620000000, 0x0000000620000000| Complete 
| 252|0x0000000620200000, 0x0000000620400000, 0x0000000620400000|100%| E|CS|TAMS 0x0000000620200000, 0x0000000620200000| Complete 
| 253|0x0000000620400000, 0x0000000620600000, 0x0000000620600000|100%| E|CS|TAMS 0x0000000620400000, 0x0000000620400000| Complete 
| 254|0x0000000620600000, 0x0000000620800000, 0x0000000620800000|100%| E|CS|TAMS 0x0000000620600000, 0x0000000620600000| Complete 
| 255|0x0000000620800000, 0x0000000620a00000, 0x0000000620a00000|100%| E|CS|TAMS 0x0000000620800000, 0x0000000620800000| Complete 

Card table byte_map: [0x0000022870b80000,0x0000022871b80000] _byte_map_base: 0x000002286db7b000

Marking Bits (Prev, Next): (CMBitMap*) 0x0000022858138f58, (CMBitMap*) 0x0000022858138f90
 Prev Bits: [0x0000022872b80000, 0x000002287ab58000)
 Next Bits: [0x0000022800000000, 0x0000022807fd8000)

Polling page: 0x0000022856250000

Metaspace:

Usage:
  Non-class:      8.75 MB capacity,     8.58 MB ( 98%) used,   149.92 KB (  2%) free+waste,    18.38 KB ( <1%) overhead. 
      Class:      1.01 MB capacity,   938.95 KB ( 91%) used,    87.80 KB (  8%) free+waste,     9.25 KB ( <1%) overhead. 
       Both:      9.76 MB capacity,     9.50 MB ( 97%) used,   237.72 KB (  2%) free+waste,    27.62 KB ( <1%) overhead. 

Virtual space:
  Non-class space:       10.00 MB reserved,       8.75 MB ( 88%) committed 
      Class space:        1.00 GB reserved,       1.12 MB ( <1%) committed 
             Both:        1.01 GB reserved,       9.88 MB ( <1%) committed 

Chunk freelists:
   Non-Class:  5.00 KB
       Class:  20.00 KB
        Both:  25.00 KB

MaxMetaspaceSize: 17179869184.00 GB
CompressedClassSpaceSize: 1.00 GB
Initial GC threshold: 20.80 MB
Current GC threshold: 20.80 MB
CDS: off

CodeHeap 'non-profiled nmethods': size=120000Kb used=189Kb max_used=189Kb free=119811Kb
 bounds [0x0000022868320000, 0x0000022868590000, 0x000002286f850000]
CodeHeap 'profiled nmethods': size=120000Kb used=750Kb max_used=750Kb free=119250Kb
 bounds [0x0000022860df0000, 0x0000022861060000, 0x0000022868320000]
CodeHeap 'non-nmethods': size=5760Kb used=1118Kb max_used=1131Kb free=4641Kb
 bounds [0x0000022860850000, 0x0000022860ac0000, 0x0000022860df0000]
 total_blobs=911 nmethods=545 adapters=279
 compilation: enabled
              stopped_count=0, restarted_count=0
 full_count=0

Compilation events (20 events):
Event: 0.303 Thread 0x000002287e09b000 nmethod 518 0x0000022860ea6f90 code [0x0000022860ea7140, 0x0000022860ea7288]
Event: 0.304 Thread 0x000002287e09b000  519       3       java.util.LinkedHashMap::get (33 bytes)
Event: 0.304 Thread 0x000002287e271800  522       4       java.lang.invoke.MethodType::parameterCount (6 bytes)
Event: 0.304 Thread 0x000002287e09b000 nmethod 519 0x0000022860ea7310 code [0x0000022860ea7500, 0x0000022860ea7948]
Event: 0.304 Thread 0x000002287e09b000  520       3       sun.invoke.util.VerifyAccess::isClassAccessible (182 bytes)
Event: 0.304 Thread 0x000002287e271800 nmethod 522 0x0000022868349d90 code [0x0000022868349f20, 0x0000022868349f98]
Event: 0.305 Thread 0x000002287e09b000 nmethod 520 0x0000022860ea7b10 code [0x0000022860ea7ec0, 0x0000022860ea9498]
Event: 0.305 Thread 0x000002287e09b000  521       3       sun.invoke.util.VerifyAccess::getClassModifiers (24 bytes)
Event: 0.305 Thread 0x000002287e09b000 nmethod 521 0x0000022860ea9b90 code [0x0000022860ea9d60, 0x0000022860ea9f88]
Event: 0.305 Thread 0x000002287e09b000  523       3       java.lang.invoke.MethodType::basicType (8 bytes)
Event: 0.306 Thread 0x000002287e09b000 nmethod 523 0x0000022860eaa090 code [0x0000022860eaa240, 0x0000022860eaa378]
Event: 0.306 Thread 0x000002287e09b000  524       3       java.lang.invoke.MemberName::flagsMods (72 bytes)
Event: 0.306 Thread 0x000002287e09b000 nmethod 524 0x0000022860eaa410 code [0x0000022860eaa5c0, 0x0000022860eaa6d8]
Event: 0.306 Thread 0x000002287e09b000  525       3       java.lang.invoke.MemberName::init (66 bytes)
Event: 0.306 Thread 0x000002287e09b000 nmethod 525 0x0000022860eaa790 code [0x0000022860eaa940, 0x0000022860eaab98]
Event: 0.307 Thread 0x000002287e09b000  526       3       java.util.zip.ZipUtils::CENLEN (9 bytes)
Event: 0.307 Thread 0x000002287e09b000 nmethod 526 0x0000022860eaac10 code [0x0000022860eaade0, 0x0000022860eab0b8]
Event: 0.307 Thread 0x000002287e09b000  527       3       java.io.RandomAccessFile::seek (22 bytes)
Event: 0.307 Thread 0x000002287e09b000 nmethod 527 0x0000022860eab290 code [0x0000022860eab460, 0x0000022860eab6b8]
Event: 0.308 Thread 0x000002287e09b000  530   !   3       java.net.URL::<init> (543 bytes)

GC Heap History (0 events):
No events

Deoptimization events (20 events):
Event: 0.222 Thread 0x00000228580af000 Uncommon trap: trap_request=0xffffffc6 fr.pc=0x0000022868329c94 relative=0x0000000000000074
Event: 0.222 Thread 0x00000228580af000 Uncommon trap: reason=bimorphic_or_optimized_type_check action=maybe_recompile pc=0x0000022868329c94 method=java.util.AbstractCollection.isEmpty()Z @ 1 c2
Event: 0.222 Thread 0x00000228580af000 DEOPT PACKING pc=0x0000022868329c94 sp=0x0000007462cfb2b0
Event: 0.222 Thread 0x00000228580af000 DEOPT UNPACKING pc=0x000002286089a1af sp=0x0000007462cfb240 mode 2
Event: 0.222 Thread 0x00000228580af000 Uncommon trap: trap_request=0xffffffc6 fr.pc=0x0000022868329c94 relative=0x0000000000000074
Event: 0.222 Thread 0x00000228580af000 Uncommon trap: reason=bimorphic_or_optimized_type_check action=maybe_recompile pc=0x0000022868329c94 method=java.util.AbstractCollection.isEmpty()Z @ 1 c2
Event: 0.222 Thread 0x00000228580af000 DEOPT PACKING pc=0x0000022868329c94 sp=0x0000007462cfb480
Event: 0.222 Thread 0x00000228580af000 DEOPT UNPACKING pc=0x000002286089a1af sp=0x0000007462cfb410 mode 2
Event: 0.223 Thread 0x00000228580af000 Uncommon trap: trap_request=0xffffffc6 fr.pc=0x0000022868329c94 relative=0x0000000000000074
Event: 0.223 Thread 0x00000228580af000 Uncommon trap: reason=bimorphic_or_optimized_type_check action=maybe_recompile pc=0x0000022868329c94 method=java.util.AbstractCollection.isEmpty()Z @ 1 c2
Event: 0.223 Thread 0x00000228580af000 DEOPT PACKING pc=0x0000022868329c94 sp=0x0000007462cfb490
Event: 0.223 Thread 0x00000228580af000 DEOPT UNPACKING pc=0x000002286089a1af sp=0x0000007462cfb420 mode 2
Event: 0.224 Thread 0x00000228580af000 Uncommon trap: trap_request=0xffffffc6 fr.pc=0x0000022868329c94 relative=0x0000000000000074
Event: 0.224 Thread 0x00000228580af000 Uncommon trap: reason=bimorphic_or_optimized_type_check action=maybe_recompile pc=0x0000022868329c94 method=java.util.AbstractCollection.isEmpty()Z @ 1 c2
Event: 0.224 Thread 0x00000228580af000 DEOPT PACKING pc=0x0000022868329c94 sp=0x0000007462cfb2b0
Event: 0.224 Thread 0x00000228580af000 DEOPT UNPACKING pc=0x000002286089a1af sp=0x0000007462cfb240 mode 2
Event: 0.292 Thread 0x00000228580af000 Uncommon trap: trap_request=0xffffff4d fr.pc=0x0000022868337ecc relative=0x0000000000000ccc
Event: 0.292 Thread 0x00000228580af000 Uncommon trap: reason=unstable_if action=reinterpret pc=0x0000022868337ecc method=java.util.HashMap.putVal(ILjava/lang/Object;Ljava/lang/Object;ZZ)Ljava/lang/Object; @ 181 c2
Event: 0.292 Thread 0x00000228580af000 DEOPT PACKING pc=0x0000022868337ecc sp=0x0000007462cfe030
Event: 0.292 Thread 0x00000228580af000 DEOPT UNPACKING pc=0x000002286089a1af sp=0x0000007462cfdfc0 mode 2

Classes redefined (0 events):
No events

Internal exceptions (3 events):
Event: 0.192 Thread 0x00000228580af000 Exception <a 'java/lang/NoSuchMethodError'{0x00000006207c63b8}: 'java.lang.Object java.lang.invoke.DirectMethodHandle$Holder.invokeStaticInit(java.lang.Object, int)'> (0x00000006207c63b8) thrown at [s\src\hotspot\share\interpreter\linkResolver.cpp, line 773]
Event: 0.291 Thread 0x00000228580af000 Exception <a 'java/lang/NoSuchMethodError'{0x00000006205fc578}: 'java.lang.Object java.lang.invoke.DirectMethodHandle$Holder.invokeStaticInit(java.lang.Object, java.lang.Object, java.lang.Object)'> (0x00000006205fc578) thrown at [s\src\hotspot\share\interpreter\linkResolver.cpp, line 773]
Event: 0.292 Thread 0x00000228580af000 Exception <a 'java/lang/NoSuchMethodError'{0x0000000620203b20}: 'void java.lang.invoke.DirectMethodHandle$Holder.invokeStaticInit(java.lang.Object, java.lang.Object, java.lang.Object)'> (0x0000000620203b20) thrown at [s\src\hotspot\share\interpreter\linkResolver.cpp, line 773]

Events (20 events):
Event: 0.308 loading class org/junit/platform/launcher/listeners/discovery/CompositeLauncherDiscoveryListener
Event: 0.308 loading class org/junit/platform/launcher/listeners/discovery/CompositeLauncherDiscoveryListener done
Event: 0.308 loading class org/junit/platform/launcher/listeners/discovery/LoggingLauncherDiscoveryListener
Event: 0.308 loading class org/junit/platform/launcher/listeners/discovery/LoggingLauncherDiscoveryListener done
Event: 0.309 loading class org/junit/platform/launcher/LauncherDiscoveryListener
Event: 0.309 loading class org/junit/platform/launcher/LauncherDiscoveryListener done
Event: 0.309 loading class org/junit/platform/launcher/LauncherDiscoveryListener
Event: 0.309 loading class org/junit/platform/launcher/LauncherDiscoveryListener done
Event: 0.309 loading class org/junit/platform/launcher/LauncherDiscoveryListener$1
Event: 0.309 loading class org/junit/platform/launcher/LauncherDiscoveryListener$1 done
Event: 0.309 loading class org/junit/platform/engine/EngineDiscoveryListener$1
Event: 0.309 loading class org/junit/platform/engine/EngineDiscoveryListener$1 done
Event: 0.310 loading class org/junit/platform/launcher/core/DefaultDiscoveryRequest
Event: 0.310 loading class org/junit/platform/launcher/core/DefaultDiscoveryRequest done
Event: 0.310 loading class org/junit/platform/engine/TestEngine
Event: 0.310 loading class org/junit/platform/engine/TestEngine done
Event: 0.310 loading class org/junit/platform/launcher/EngineFilter
Event: 0.310 loading class org/junit/platform/launcher/EngineFilter done
Event: 0.311 loading class org/junit/platform/engine/FilterResult
Event: 0.311 loading class org/junit/platform/engine/FilterResult done


Dynamic libraries:
0x00007ff7bab90000 - 0x00007ff7bab9e000 	C:\Users\katyu\.jdks\corretto-11.0.21\bin\java.exe
0x00007ffc32370000 - 0x00007ffc32568000 	C:\Windows\SYSTEM32\ntdll.dll
0x00007ffc32200000 - 0x00007ffc322bd000 	C:\Windows\System32\KERNEL32.DLL
0x00007ffc2fb50000 - 0x00007ffc2fe46000 	C:\Windows\System32\KERNELBASE.dll
0x00007ffc2fa50000 - 0x00007ffc2fb50000 	C:\Windows\System32\ucrtbase.dll
0x00007ffc1c530000 - 0x00007ffc1c547000 	C:\Users\katyu\.jdks\corretto-11.0.21\bin\jli.dll
0x00007ffc1c510000 - 0x00007ffc1c52b000 	C:\Users\katyu\.jdks\corretto-11.0.21\bin\VCRUNTIME140.dll
0x00007ffc30660000 - 0x00007ffc307fe000 	C:\Windows\System32\USER32.dll
0x00007ffc303a0000 - 0x00007ffc303c2000 	C:\Windows\System32\win32u.dll
0x00007ffc31f20000 - 0x00007ffc31f4c000 	C:\Windows\System32\GDI32.dll
0x00007ffc2fe50000 - 0x00007ffc2ff6a000 	C:\Windows\System32\gdi32full.dll
0x00007ffc23f40000 - 0x00007ffc241da000 	C:\Windows\WinSxS\amd64_microsoft.windows.common-controls_6595b64144ccf1df_6.0.19041.3636_none_60b6a03d71f818d5\COMCTL32.dll
0x00007ffc310e0000 - 0x00007ffc3117e000 	C:\Windows\System32\msvcrt.dll
0x00007ffc30130000 - 0x00007ffc301cd000 	C:\Windows\System32\msvcp_win.dll
0x00007ffc303d0000 - 0x00007ffc30400000 	C:\Windows\System32\IMM32.DLL
0x00007ffc27160000 - 0x00007ffc2716c000 	C:\Users\katyu\.jdks\corretto-11.0.21\bin\vcruntime140_1.dll
0x00007ffc0f2d0000 - 0x00007ffc0f35d000 	C:\Users\katyu\.jdks\corretto-11.0.21\bin\msvcp140.dll
0x00007ffbc6660000 - 0x00007ffbc7223000 	C:\Users\katyu\.jdks\corretto-11.0.21\bin\server\jvm.dll
0x00007ffc31600000 - 0x00007ffc316af000 	C:\Windows\System32\ADVAPI32.dll
0x00007ffc316c0000 - 0x00007ffc3175c000 	C:\Windows\System32\sechost.dll
0x00007ffc31980000 - 0x00007ffc31aa6000 	C:\Windows\System32\RPCRT4.dll
0x00007ffc32320000 - 0x00007ffc32328000 	C:\Windows\System32\PSAPI.DLL
0x00007ffc2b8c0000 - 0x00007ffc2b8c9000 	C:\Windows\SYSTEM32\WSOCK32.dll
0x00007ffc28350000 - 0x00007ffc28377000 	C:\Windows\SYSTEM32\WINMM.dll
0x00007ffc29ae0000 - 0x00007ffc29aea000 	C:\Windows\SYSTEM32\VERSION.dll
0x00007ffc31910000 - 0x00007ffc3197b000 	C:\Windows\System32\WS2_32.dll
0x00007ffc2d930000 - 0x00007ffc2d942000 	C:\Windows\SYSTEM32\kernel.appcore.dll
0x00007ffc25280000 - 0x00007ffc25290000 	C:\Users\katyu\.jdks\corretto-11.0.21\bin\verify.dll
0x00007ffc27a10000 - 0x00007ffc27bf4000 	C:\Windows\SYSTEM32\DBGHELP.DLL
0x00007ffc191f0000 - 0x00007ffc19224000 	C:\Windows\SYSTEM32\dbgcore.DLL
0x00007ffc300a0000 - 0x00007ffc30122000 	C:\Windows\System32\bcryptPrimitives.dll
0x00007ffc1c4e0000 - 0x00007ffc1c508000 	C:\Users\katyu\.jdks\corretto-11.0.21\bin\java.dll
0x00007ffc20270000 - 0x00007ffc2027a000 	C:\Users\katyu\.jdks\corretto-11.0.21\bin\jimage.dll
0x00007ffc10e00000 - 0x00007ffc10e0e000 	C:\Users\katyu\.jdks\corretto-11.0.21\bin\instrument.dll
0x00007ffc1c430000 - 0x00007ffc1c448000 	C:\Users\katyu\.jdks\corretto-11.0.21\bin\zip.dll
0x00007ffc30930000 - 0x00007ffc31075000 	C:\Windows\System32\SHELL32.dll
0x00007ffc2db30000 - 0x00007ffc2e2cb000 	C:\Windows\SYSTEM32\windows.storage.dll
0x00007ffc31210000 - 0x00007ffc31564000 	C:\Windows\System32\combase.dll
0x00007ffc2f490000 - 0x00007ffc2f4bd000 	C:\Windows\SYSTEM32\Wldp.dll
0x00007ffc32150000 - 0x00007ffc321fd000 	C:\Windows\System32\SHCORE.dll
0x00007ffc31890000 - 0x00007ffc318e5000 	C:\Windows\System32\shlwapi.dll
0x00007ffc2f980000 - 0x00007ffc2f9a5000 	C:\Windows\SYSTEM32\profapi.dll
0x00007ffc1c300000 - 0x00007ffc1c319000 	C:\Users\katyu\.jdks\corretto-11.0.21\bin\net.dll
0x00007ffc2a4f0000 - 0x00007ffc2a5fa000 	C:\Windows\SYSTEM32\WINHTTP.dll
0x00007ffc2f1f0000 - 0x00007ffc2f25a000 	C:\Windows\system32\mswsock.dll
0x00007ffc11540000 - 0x00007ffc11552000 	C:\Users\katyu\.jdks\corretto-11.0.21\bin\nio.dll
0x00007ffc10c30000 - 0x00007ffc10c4a000 	D:\katyu\IntelliJ IDEA Community Edition 2023.2.5\bin\breakgen64.dll

dbghelp: loaded successfully - version: 4.0.5 - missing functions: none
symbol engine: initialized successfully - sym options: 0x614 - pdb path: .;C:\Users\katyu\.jdks\corretto-11.0.21\bin;C:\Windows\SYSTEM32;C:\Windows\WinSxS\amd64_microsoft.windows.common-controls_6595b64144ccf1df_6.0.19041.3636_none_60b6a03d71f818d5;C:\Users\katyu\.jdks\corretto-11.0.21\bin\server;D:\katyu\IntelliJ IDEA Community Edition 2023.2.5\bin

VM Arguments:
jvm_args: -ea -Didea.test.cyclic.buffer.size=1048576 -javaagent:D:\katyu\IntelliJ IDEA Community Edition 2023.2.5\lib\idea_rt.jar=51532:D:\katyu\IntelliJ IDEA Community Edition 2023.2.5\bin -Dfile.encoding=UTF-8 
java_command: com.intellij.rt.junit.JUnitStarter -ideVersion5 -junit5 ShopRepositoryTest,ShouldRemoveId
java_class_path (initial): C:\Users\katyu\.m2\repository\org\junit\platform\junit-platform-launcher\1.7.2\junit-platform-launcher-1.7.2.jar;D:\katyu\IntelliJ IDEA Community Edition 2023.2.5\lib\idea_rt.jar;D:\katyu\IntelliJ IDEA Community Edition 2023.2.5\plugins\junit\lib\junit5-rt.jar;D:\katyu\IntelliJ IDEA Community Edition 2023.2.5\plugins\junit\lib\junit-rt.jar;C:\Users\katyu\IdeaProjects\Product\target\test-classes;C:\Users\katyu\IdeaProjects\Product\target\classes;C:\Users\katyu\.m2\repository\org\junit\jupiter\junit-jupiter\5.7.2\junit-jupiter-5.7.2.jar;C:\Users\katyu\.m2\repository\org\junit\jupiter\junit-jupiter-api\5.7.2\junit-jupiter-api-5.7.2.jar;C:\Users\katyu\.m2\repository\org\apiguardian\apiguardian-api\1.1.0\apiguardian-api-1.1.0.jar;C:\Users\katyu\.m2\repository\org\opentest4j\opentest4j\1.2.0\opentest4j-1.2.0.jar;C:\Users\katyu\.m2\repository\org\junit\platform\junit-platform-commons\1.7.2\junit-platform-commons-1.7.2.jar;C:\Users\katyu\.m2\repository\org\junit\jupiter\junit-jupiter-params\5.7.2\junit-jupiter-params-5.7.2.jar;C:\Users\katyu\.m2\repository\org\junit\jupiter\junit-jupiter-engine\5.7.2\junit-jupiter-engine-5.7.2.jar;C:\Users\katyu\.m2\repository\org\junit\platform\junit-platform-engine\1.7.2\junit-platform-engine-1.7.2.jar
Launcher Type: SUN_STANDARD

[Global flags]
     intx CICompilerCount                          = 4                                         {product} {ergonomic}
     uint ConcGCThreads                            = 2                                         {product} {ergonomic}
     uint G1ConcRefinementThreads                  = 8                                         {product} {ergonomic}
   size_t G1HeapRegionSize                         = 2097152                                   {product} {ergonomic}
    uintx GCDrainStackTargetSize                   = 64                                        {product} {ergonomic}
   size_t InitialHeapSize                          = 536870912                                 {product} {ergonomic}
   size_t MarkStackSize                            = 4194304                                   {product} {ergonomic}
   size_t MaxHeapSize                              = 8579448832                                {product} {ergonomic}
   size_t MaxNewSize                               = 5146411008                                {product} {ergonomic}
   size_t MinHeapDeltaBytes                        = 2097152                                   {product} {ergonomic}
    uintx NonNMethodCodeHeapSize                   = 5836300                                {pd product} {ergonomic}
    uintx NonProfiledCodeHeapSize                  = 122910970                              {pd product} {ergonomic}
    uintx ProfiledCodeHeapSize                     = 122910970                              {pd product} {ergonomic}
    uintx ReservedCodeCacheSize                    = 251658240                              {pd product} {ergonomic}
     bool SegmentedCodeCache                       = true                                      {product} {ergonomic}
     bool UseCompressedClassPointers               = true                                 {lp64_product} {ergonomic}
     bool UseCompressedOops                        = true                                 {lp64_product} {ergonomic}
     bool UseG1GC                                  = true                                      {product} {ergonomic}
     bool UseLargePagesIndividualAllocation        = false                                  {pd product} {ergonomic}

Logging:
Log output configuration:
 #0: stdout all=warning uptime,level,tags
 #1: stderr all=off uptime,level,tags

Environment Variables:
PATH=C:\Program Files\Eclipse Adoptium\jdk-11.0.18.10-hotspot\bin;C:\Windows\system32;C:\Windows;C:\Windows\System32\Wbem;C:\Windows\System32\WindowsPowerShell\v1.0\;C:\Windows\System32\OpenSSH\;C:\Program Files (x86)\NVIDIA Corporation\PhysX\Common;C:\Program Files\NVIDIA Corporation\NVIDIA NvDLISR;C:\Program Files (x86)\Intel\Intel(R) Management Engine Components\DAL;C:\Program Files\Intel\Intel(R) Management Engine Components\DAL;C:\Users\katyu\AppData\Local\Microsoft\WindowsApps;D:\katyu\Microsoft VS Code\bin;D:\katyu\Git\cmd
USERNAME=katyu
OS=Windows_NT
PROCESSOR_IDENTIFIER=Intel64 Family 6 Model 158 Stepping 9, GenuineIntel
TMP=C:\Users\katyu\AppData\Local\Temp
TEMP=C:\Users\katyu\AppData\Local\Temp



---------------  S Y S T E M  ---------------

OS: Windows 10 , 64 bit Build 19041 (10.0.19041.3636)
OS uptime: 0 days 1:52 hours

CPU:total 8 (initial active 8) (4 cores per cpu, 2 threads per core) family 6 model 158 stepping 9 microcode 0xb4, cmov, cx8, fxsr, mmx, sse, sse2, sse3, ssse3, sse4.1, sse4.2, popcnt, avx, avx2, aes, clmul, erms, rtm, 3dnowpref, lzcnt, ht, tsc, tscinvbit, bmi1, bmi2, adx, fma

Memory: 4k page, system-wide physical 32725M (24070M free)
TotalPageFile size 37589M (AvailPageFile size 24418M)
current process WorkingSet (physical memory assigned to process): 65M, peak: 65M
current process commit charge ("private bytes"): 614M, peak: 614M

vm_info: OpenJDK 64-Bit Server VM (11.0.21+9-LTS) for windows-amd64 JRE (11.0.21+9-LTS), built on Oct  9 2023 18:37:11 by "Administrator" with MS VC++ 16.10 / 16.11 (VS2019)

END.
